make all --print-data-base --no-builtin-variables --no-builtin-rules --question
# GNU Make 4.3
# Built for x86_64-pc-linux-gnu
# Copyright (C) 1988-2020 Free Software Foundation, Inc.
# License GPLv3+: GNU GPL version 3 or later <http://gnu.org/licenses/gpl.html>
# This is free software: you are free to change and redistribute it.
# There is NO WARRANTY, to the extent permitted by law.
 
make: *** No rule to make target 'all'.  Stop.


# Make data base, printed on Sat Aug 20 12:36:25 2022

# Variables

# environment
GDK_BACKEND = x11
# environment
LC_ALL = C
# environment
GNOME_SHELL_SESSION_MODE = ubuntu
# environment
SSH_AGENT_LAUNCHER = gnome-keyring
# environment
GJS_DEBUG_OUTPUT = stderr
# environment
LC_NAME = en_IL
# environment
LC_NUMERIC = en_IL
# environment
VSCODE_CWD = /home/yonash
# environment
LC_ADDRESS = en_IL
# default
MAKE_COMMAND := make
# environment
QT_ACCESSIBILITY = 1
# automatic
@D = $(patsubst %/,%,$(dir $@))
# environment
VSCODE_HANDLES_UNCAUGHT_ERRORS = true
# default
.VARIABLES := 
# environment
PWD = /home/yonash/Documents/MMN14/for vlc/Ninja-Libermanster
# automatic
%D = $(patsubst %/,%,$(dir $%))
# environment
XDG_DATA_DIRS = /usr/share/ubuntu:/usr/local/share/:/usr/share/:/var/lib/snapd/desktop
# automatic
^D = $(patsubst %/,%,$(dir $^))
# automatic
%F = $(notdir $%)
# environment
VSCODE_CODE_CACHE_PATH = /home/yonash/.config/Code/CachedData/e4503b30fc78200f846c62cf8091b76ff5547662
# environment
LANG = C
# environment
XAUTHORITY = /run/user/1000/.mutter-Xwaylandauth.D4J9Q1
# default
.LOADED := 
# default
.INCLUDE_DIRS = /usr/local/include /usr/include /usr/include
# makefile
MAKEFLAGS = pqrR
# makefile
CURDIR := /home/yonash/Documents/MMN14/for vlc/Ninja-Libermanster
# environment
APPLICATION_INSIGHTS_NO_DIAGNOSTIC_CHANNEL = true
# environment
LESSOPEN = | /usr/bin/lesspipe %s
# automatic
*D = $(patsubst %/,%,$(dir $*))
# environment
MFLAGS = -pqrR
# environment
SSH_AUTH_SOCK = /run/user/1000/keyring/ssh
# default
.SHELLFLAGS := -c
# environment
WAYLAND_DISPLAY = wayland-0
# environment
XDG_CONFIG_DIRS = /etc/xdg/xdg-ubuntu:/etc/xdg
# automatic
+D = $(patsubst %/,%,$(dir $+))
# environment
XDG_SESSION_DESKTOP = ubuntu
# makefile (from 'Makefile', line 1)
MAKEFILE_LIST := Makefile
# automatic
@F = $(notdir $@)
# environment
VSCODE_PID = 2766
# environment
XDG_SESSION_TYPE = wayland
# automatic
?D = $(patsubst %/,%,$(dir $?))
# environment
SESSION_MANAGER = local/yonash-PC:@/tmp/.ICE-unix/1202,unix/yonash-PC:/tmp/.ICE-unix/1202
# automatic
*F = $(notdir $*)
# environment
CHROME_DESKTOP = code-url-handler.desktop
# environment
DBUS_SESSION_BUS_ADDRESS = unix:path=/run/user/1000/bus
# automatic
<D = $(patsubst %/,%,$(dir $<))
# environment
VSCODE_NLS_CONFIG = {"locale":"en-us","availableLanguages":{},"_languagePackSupport":true}
# default
MAKE_HOST := x86_64-pc-linux-gnu
# environment
GNOME_DESKTOP_SESSION_ID = this-is-deprecated
# makefile
SHELL = /bin/sh
# default
MAKECMDGOALS := all
# environment
XMODIFIERS = @im=ibus
# environment
GJS_DEBUG_TOPICS = JS ERROR;JS LOG
# environment
SHLVL = 0
# environment
MAKELEVEL := 0
# environment
IM_CONFIG_CHECK_ENV = 1
# default
MAKE = $(MAKE_COMMAND)
# environment
PATH = /usr/local/sbin:/usr/local/bin:/usr/sbin:/usr/bin:/sbin:/bin:/usr/games:/usr/local/games:/snap/bin:/snap/bin
# default
MAKEFILES := 
# environment
LANGUAGE = en_US:en
# environment
LC_MONETARY = en_IL
# automatic
^F = $(notdir $^)
# environment
LC_TIME = en_IL
# environment
INVOCATION_ID = 4256ded855cf45bca9f622345effab0a
# environment
USERNAME = yonash
# environment
GNOME_SETUP_DISPLAY = :1
# environment
LC_TELEPHONE = en_IL
# environment
LESSCLOSE = /usr/bin/lesspipe %s %s
# automatic
?F = $(notdir $?)
# environment
XDG_CURRENT_DESKTOP = Unity
# environment
LS_COLORS = 
# automatic
+F = $(notdir $+)
# environment
DESKTOP_SESSION = ubuntu
# environment
ORIGINAL_XDG_CURRENT_DESKTOP = ubuntu:GNOME
# 'override' directive
GNUMAKEFLAGS := 
# environment
LOGNAME = yonash
# environment
GIO_LAUNCHED_DESKTOP_FILE = /usr/share/applications/code.desktop
# makefile
.DEFAULT_GOAL := MMN
# environment
SYSTEMD_EXEC_PID = 1235
# environment
DISPLAY = :0
# environment
USER = yonash
# environment
GTK_MODULES = gail:atk-bridge
# default
MAKE_VERSION := 4.3
# environment
MANAGERPID = 1069
# environment
LC_MEASUREMENT = en_IL
# environment
GIO_LAUNCHED_DESKTOP_FILE_PID = 2766
# environment
_ = /usr/share/code/code
# environment
LC_PAPER = en_IL
# environment
XDG_RUNTIME_DIR = /run/user/1000
# environment
JOURNAL_STREAM = 8:29262
# environment
XDG_SESSION_CLASS = user
# environment
VSCODE_AMD_ENTRYPOINT = vs/workbench/api/node/extensionHostProcess
# environment
HOME = /home/yonash
# environment
QT_IM_MODULE = ibus
# environment
ELECTRON_RUN_AS_NODE = 1
# environment
VSCODE_IPC_HOOK = /run/user/1000/vscode-31ab1c56-1.70.2-main.sock
# environment
IM_CONFIG_PHASE = 1
# environment
PAPERSIZE = a4
# default
.RECIPEPREFIX := 
# automatic
<F = $(notdir $<)
# default
SUFFIXES := 
# default
.FEATURES := target-specific order-only second-expansion else-if shortest-stem undefine oneshell nocomment grouped-target extra-prereqs archives jobserver output-sync check-symlink load
# environment
XDG_MENU_PREFIX = gnome-
# environment
GDMSESSION = ubuntu
# environment
LC_IDENTIFICATION = en_IL
# variable set hash-table stats:
# Load=105/1024=10%, Rehash=0, Collisions=4/135=3%

# Pattern-specific Variable Values

# No pattern-specific variable values.

# Directories

# . (device 2050, inode 17563901): 49 files, no impossibilities.

# 49 files, no impossibilities in 1 directories.

# Implicit Rules

# No implicit rules.

# Files

dataImage.o: dataImage.c dataImage.h
#  Implicit rule search has not been done.
#  Modification time never checked.
#  File has not been updated.
#  recipe to execute (from 'Makefile', line 6):
	gcc -g -c -ansi -Wall -pedantic dataImage.c -o dataImage.o

inctractionArray.o: inctractionArray.c inctractionArray.h
#  Implicit rule search has not been done.
#  Modification time never checked.
#  File has not been updated.
#  recipe to execute (from 'Makefile', line 20):
	gcc -g -c -ansi -Wall -pedantic inctractionArray.c -o inctractionArray.o

operand.o: operand.c operand.h
#  Implicit rule search has not been done.
#  Modification time never checked.
#  File has not been updated.
#  recipe to execute (from 'Makefile', line 26):
	gcc -g -c -ansi -Wall -pedantic operand.c -o operand.o

# Not a target:
second_run.h:
#  Implicit rule search has not been done.
#  Modification time never checked.
#  File has not been updated.

macro_util.o: macro_util.c macro_util.h
#  Implicit rule search has not been done.
#  Modification time never checked.
#  File has not been updated.
#  recipe to execute (from 'Makefile', line 18):
	gcc -g -c -ansi -Wall -pedantic macro_util.c -o macro_util.o

first_run.o: first_run.c first_run.h
#  Implicit rule search has not been done.
#  Modification time never checked.
#  File has not been updated.
#  recipe to execute (from 'Makefile', line 10):
	gcc -g -c -ansi -Wall -pedantic first_run.c -o first_run.o

# Not a target:
util.h:
#  Implicit rule search has not been done.
#  Modification time never checked.
#  File has not been updated.

# Not a target:
Makefile:
#  Implicit rule search has been done.
 
#  Last modified 2022-08-20 02:11:15.768151449
#  File has been updated.
#  Successfully updated.

# Not a target:
pre_asmbler.h:
#  Implicit rule search has not been done.
#  Modification time never checked.
#  File has not been updated.

# Not a target:
baseTranslator.h:
#  Implicit rule search has not been done.
#  Modification time never checked.
#  File has not been updated.

# Not a target:
macro_util.c:
#  Implicit rule search has not been done.
#  Modification time never checked.
#  File has not been updated.

# Not a target:
dataImage.h:
#  Implicit rule search has not been done.
#  Modification time never checked.
#  File has not been updated.

util.o: util.c util.h
#  Implicit rule search has not been done.
#  Modification time never checked.
#  File has not been updated.
#  recipe to execute (from 'Makefile', line 14):
	gcc -g -c -ansi -Wall -pedantic util.c -o util.o

# Not a target:
inctractionArray.c:
#  Implicit rule search has not been done.
#  Modification time never checked.
#  File has not been updated.

# Not a target:
opcode.c:
#  Implicit rule search has not been done.
#  Modification time never checked.
#  File has not been updated.

symbol_util.o: symbol_util.c symbol_util.h
#  Implicit rule search has not been done.
#  Modification time never checked.
#  File has not been updated.
#  recipe to execute (from 'Makefile', line 16):
	gcc -g -c -ansi -Wall -pedantic symbol_util.c -o symbol_util.o

# Not a target:
print.h:
#  Implicit rule search has not been done.
#  Modification time never checked.
#  File has not been updated.

# Not a target:
util.c:
#  Implicit rule search has not been done.
#  Modification time never checked.
#  File has not been updated.

pre_asmbler.o: pre_asmbler.c pre_asmbler.h
#  Implicit rule search has not been done.
#  Modification time never checked.
#  File has not been updated.
#  recipe to execute (from 'Makefile', line 12):
	gcc -g -c -ansi -Wall -pedantic pre_asmbler.c -o pre_asmbler.o

# Not a target:
baseTranslator.c:
#  Implicit rule search has not been done.
#  Modification time never checked.
#  File has not been updated.

# Not a target:
main.h:
#  Implicit rule search has not been done.
#  Modification time never checked.
#  File has not been updated.

opcode.o: opcode.c opcode.h
#  Implicit rule search has not been done.
#  Modification time never checked.
#  File has not been updated.
#  recipe to execute (from 'Makefile', line 24):
	gcc -g -c -ansi -Wall -pedantic opcode.c -o opcode.o

# Not a target:
first_run.h:
#  Implicit rule search has not been done.
#  Modification time never checked.
#  File has not been updated.

# Not a target:
first_run.c:
#  Implicit rule search has not been done.
#  Modification time never checked.
#  File has not been updated.

second_run.o: second_run.c second_run.h
#  Implicit rule search has not been done.
#  Modification time never checked.
#  File has not been updated.
#  recipe to execute (from 'Makefile', line 8):
	gcc -g -c -ansi -Wall -pedantic second_run.c -o second_run.o

# Not a target:
opcode.h:
#  Implicit rule search has not been done.
#  Modification time never checked.
#  File has not been updated.

# Not a target:
macro_util.h:
#  Implicit rule search has not been done.
#  Modification time never checked.
#  File has not been updated.

# Not a target:
inctractionArray.h:
#  Implicit rule search has not been done.
#  Modification time never checked.
#  File has not been updated.

# Not a target:
operand.h:
#  Implicit rule search has not been done.
#  Modification time never checked.
#  File has not been updated.

baseTranslator.o: baseTranslator.c baseTranslator.h
#  Implicit rule search has not been done.
#  Modification time never checked.
#  File has not been updated.
#  recipe to execute (from 'Makefile', line 22):
	gcc -g -c -ansi -Wall -pedantic baseTranslator.c -o baseTranslator.o

# Not a target:
.DEFAULT:
#  Implicit rule search has not been done.
#  Modification time never checked.
#  File has not been updated.

# Not a target:
all:
#  Command line target.
#  Implicit rule search has been done.
#  File does not exist.
#  File has not been updated.

print.o: print.c print.h
#  Implicit rule search has not been done.
#  Modification time never checked.
#  File has not been updated.
#  recipe to execute (from 'Makefile', line 28):
	gcc -g -c -ansi -Wall -pedantic print.c -o print.o

# Not a target:
print.c:
#  Implicit rule search has not been done.
#  Modification time never checked.
#  File has not been updated.

# Not a target:
second_run.c:
#  Implicit rule search has not been done.
#  Modification time never checked.
#  File has not been updated.

# Not a target:
symbol_util.c:
#  Implicit rule search has not been done.
#  Modification time never checked.
#  File has not been updated.

# Not a target:
main.c:
#  Implicit rule search has not been done.
#  Modification time never checked.
#  File has not been updated.

main.o: main.c main.h
#  Implicit rule search has not been done.
#  Modification time never checked.
#  File has not been updated.
#  recipe to execute (from 'Makefile', line 4):
	gcc -g -c -ansi -Wall -pedantic main.c -o main.o

# Not a target:
pre_asmbler.c:
#  Implicit rule search has not been done.
#  Modification time never checked.
#  File has not been updated.

# Not a target:
symbol_util.h:
#  Implicit rule search has not been done.
#  Modification time never checked.
#  File has not been updated.

# Not a target:
operand.c:
#  Implicit rule search has not been done.
#  Modification time never checked.
#  File has not been updated.

MMN: main.o dataImage.o second_run.o first_run.o pre_asmbler.o util.o symbol_util.o macro_util.o inctractionArray.o baseTranslator.o opcode.o operand.o print.o
#  Implicit rule search has not been done.
#  Modification time never checked.
#  File has not been updated.
#  recipe to execute (from 'Makefile', line 2):
	gcc -g -ansi -Wall -pedantic main.o dataImage.o second_run.o first_run.o pre_asmbler.o util.o symbol_util.o macro_util.o inctractionArray.o baseTranslator.o opcode.o operand.o print.o -o MMN

# Not a target:
dataImage.c:
#  Implicit rule search has not been done.
#  Modification time never checked.
#  File has not been updated.

# files hash-table stats:
# Load=44/1024=4%, Rehash=0, Collisions=2/106=2%
# VPATH Search Paths

# No 'vpath' search paths.

# No general ('VPATH' variable) search path.

# strcache buffers: 1 (0) / strings = 54 / storage = 588 B / avg = 10 B
# current buf: size = 8162 B / used = 588 B / count = 54 / avg = 10 B

# strcache performance: lookups = 125 / hit rate = 56%
# hash-table stats:
# Load=54/8192=1%, Rehash=0, Collisions=0/125=0%
# Finished Make data base on Sat Aug 20 12:36:25 2022

 
